#
# A fatal error has been detected by the Java Runtime Environment:
#
#  EXCEPTION_ACCESS_VIOLATION (0xc0000005) at pc=0x71ef596a, pid=422312, tid=0x00068b60
#
# JRE version: Java(TM) SE Runtime Environment (8.0_191-b12) (build 1.8.0_191-b12)
# Java VM: Java HotSpot(TM) Client VM (25.191-b12 mixed mode windows-x86 )
# Problematic frame:
# V  [jvm.dll+0x13596a]
#
# Failed to write core dump. Minidumps are not enabled by default on client versions of Windows
#
# If you would like to submit a bug report, please visit:
#   http://bugreport.java.com/bugreport/crash.jsp
#

---------------  T H R E A D  ---------------

Current thread (0x178f2c00):  VMThread [stack: 0x17b30000,0x17b80000] [id=428896]

siginfo: ExceptionCode=0xc0000005, reading address 0x00070028

Registers:
EAX=0x00070002, EBX=0x1d0e75e8, ECX=0x00000010, EDX=0x0000000b
ESP=0x17b7f464, EBP=0x17b7f4a4, ESI=0x0df1cdf0, EDI=0x1b1be508
EIP=0x71ef596a, EFLAGS=0x00010246

Top of Stack: (sp=0x17b7f464)
0x17b7f464:   1d0b2ee8 178f2c00 182df5e4 1dcd6f20
0x17b7f474:   1dcda54c 000183b0 178eafc8 178f2c00
0x17b7f484:   178eafc8 178f2c00 008f30e0 17b7f4a8
0x17b7f494:   71dfdb99 17490018 00000000 1b1be508
0x17b7f4a4:   17b7f508 71eeb475 1d0b2ee8 17b7f51b
0x17b7f4b4:   00000005 182df5e4 178f2c00 178f2c00
0x17b7f4c4:   0534af58 178f30d8 178f30e0 178f31cc
0x17b7f4d4:   000000ec 17b7f528 720aab44 1b1afe00 

Instructions: (pc=0x71ef596a)
0x71ef594a:   00 8b 43 10 8b d0 c1 ea 10 f6 c2 01 0f 84 85 01
0x71ef595a:   00 00 c1 e8 0f a8 01 0f 85 7a 01 00 00 8b 43 04
0x71ef596a:   0f b7 48 26 51 8b 4d 08 e8 e9 45 f8 ff 50 56 89
0x71ef597a:   45 f4 e8 df 1d f1 ff 83 c4 08 f7 05 64 bd 14 72 


Register to memory mapping:

EAX=0x00070002 is an unknown value
EBX=0x1d0e75e8 is pointing into metadata
ECX=0x00000010 is an unknown value
EDX=0x0000000b is an unknown value
ESP=0x17b7f464 is an unknown value
EBP=0x17b7f4a4 is an unknown value
ESI=0x0df1cdf0 is an oop
java.lang.invoke.MemberName 
 - klass: 'java/lang/invoke/MemberName'
EDI=0x1b1be508 is an unknown value


Stack: [0x17b30000,0x17b80000],  sp=0x17b7f464,  free space=317k
Native frames: (J=compiled Java code, j=interpreted, Vv=VM code, C=native code)
V  [jvm.dll+0x13596a]
V  [jvm.dll+0x12b475]
V  [jvm.dll+0x12b6b9]
V  [jvm.dll+0x184e0b]
V  [jvm.dll+0x184221]
V  [jvm.dll+0x184637]
V  [jvm.dll+0x184832]
V  [jvm.dll+0x1c57a6]
C  [msvcr100.dll+0x5c556]
C  [msvcr100.dll+0x5c600]
C  [KERNEL32.DLL+0x18674]
C  [ntdll.dll+0x65d87]
C  [ntdll.dll+0x65d57]

VM_Operation (0x182df5e4): RedefineClasses, mode: safepoint, requested by thread 0x1792a000, redefining class com.creditsuisse.orderbook.app.service.impl.OrderBookServiceImpl



---------------  P R O C E S S  ---------------

Java Threads: ( => current thread )
  0x1b0c0800 JavaThread "http-nio-7777-AsyncTimeout" daemon [_thread_blocked, id=327088, stack(0x1f260000,0x1f2b0000)]
  0x1b0c1c00 JavaThread "http-nio-7777-Acceptor-0" daemon [_thread_in_native, id=433172, stack(0x1f0d0000,0x1f120000)]
  0x1b1d9c00 JavaThread "http-nio-7777-ClientPoller-1" daemon [_thread_in_native, id=434068, stack(0x1f040000,0x1f090000)]
  0x1b1d9400 JavaThread "http-nio-7777-ClientPoller-0" daemon [_thread_in_native, id=433252, stack(0x1efb0000,0x1f000000)]
  0x1b1dd400 JavaThread "http-nio-7777-exec-10" daemon [_thread_blocked, id=406016, stack(0x1ef20000,0x1ef70000)]
  0x1b1dcc00 JavaThread "http-nio-7777-exec-9" daemon [_thread_blocked, id=431488, stack(0x1ee90000,0x1eee0000)]
  0x1b1dc800 JavaThread "http-nio-7777-exec-8" daemon [_thread_blocked, id=434000, stack(0x1e6f0000,0x1e740000)]
  0x1b1dc000 JavaThread "http-nio-7777-exec-7" daemon [_thread_blocked, id=434108, stack(0x1e660000,0x1e6b0000)]
  0x1b1d6000 JavaThread "http-nio-7777-exec-6" daemon [_thread_blocked, id=433704, stack(0x1d4f0000,0x1d540000)]
  0x1b1d8c00 JavaThread "http-nio-7777-exec-5" daemon [_thread_blocked, id=433776, stack(0x1d460000,0x1d4b0000)]
  0x1b1db800 JavaThread "http-nio-7777-exec-4" daemon [_thread_blocked, id=433980, stack(0x1d3d0000,0x1d420000)]
  0x1b1d6800 JavaThread "http-nio-7777-exec-3" daemon [_thread_blocked, id=433788, stack(0x1d340000,0x1d390000)]
  0x1b1d8800 JavaThread "http-nio-7777-exec-2" daemon [_thread_blocked, id=395480, stack(0x1d2b0000,0x1d300000)]
  0x1b1db400 JavaThread "http-nio-7777-exec-1" daemon [_thread_blocked, id=433444, stack(0x1d220000,0x1d270000)]
  0x1b1d8000 JavaThread "NioBlockingSelector.BlockPoller-16" daemon [_thread_in_native, id=433120, stack(0x1d190000,0x1d1e0000)]
  0x1b1d7c00 JavaThread "File Watcher" daemon [_thread_blocked, id=432016, stack(0x1cd70000,0x1cdc0000)]
  0x1b1d7400 JavaThread "container-0" [_thread_blocked, id=432480, stack(0x1cce0000,0x1cd30000)]
  0x1b1da800 JavaThread "ContainerBackgroundProcessor[StandardEngine[Tomcat]]" daemon [_thread_blocked, id=433456, stack(0x1bf30000,0x1bf80000)]
  0x1b1d7000 JavaThread "DestroyJavaVM" [_thread_blocked, id=429192, stack(0x05140000,0x05190000)]
  0x1b0c1400 JavaThread "Live Reload Server" daemon [_thread_in_native, id=387608, stack(0x1ce40000,0x1ce90000)]
  0x18916400 JavaThread "RMI TCP Accept-0" daemon [_thread_in_native, id=423208, stack(0x18b80000,0x18bd0000)]
  0x1890f400 JavaThread "RMI TCP Accept-51680" daemon [_thread_in_native, id=394512, stack(0x18af0000,0x18b40000)]
  0x18903000 JavaThread "RMI TCP Accept-0" daemon [_thread_in_native, id=424600, stack(0x18960000,0x189b0000)]
  0x1795d400 JavaThread "Service Thread" daemon [_thread_blocked, id=429704, stack(0x184d0000,0x18520000)]
  0x1793a000 JavaThread "C1 CompilerThread0" daemon [_thread_blocked, id=427564, stack(0x18440000,0x18490000)]
  0x17933800 JavaThread "JDWP Command Reader" daemon [_thread_in_native, id=426844, stack(0x183b0000,0x18400000)]
  0x1792c800 JavaThread "JDWP Event Helper Thread" daemon [_thread_blocked, id=430036, stack(0x18320000,0x18370000)]
  0x1792a000 JavaThread "JDWP Transport Listener: dt_socket" daemon [_thread_blocked, id=423148, stack(0x18290000,0x182e0000)]
  0x17923800 JavaThread "Attach Listener" daemon [_thread_blocked, id=429680, stack(0x17e60000,0x17eb0000)]
  0x17922800 JavaThread "Signal Dispatcher" daemon [_thread_blocked, id=412712, stack(0x17dd0000,0x17e20000)]
  0x1790f400 JavaThread "Finalizer" daemon [_thread_blocked, id=427956, stack(0x17c50000,0x17ca0000)]
  0x178f9800 JavaThread "Reference Handler" daemon [_thread_blocked, id=424208, stack(0x17bc0000,0x17c10000)]

Other Threads:
=>0x178f2c00 VMThread [stack: 0x17b30000,0x17b80000] [id=428896]
  0x1891d400 WatcherThread [stack: 0x18c10000,0x18c60000] [id=424440]

VM state:at safepoint (normal execution)

VM Mutex/Monitor currently owned by a thread:  ([mutex/lock_event])
[0x052d0620] Threads_lock - owner thread: 0x178f2c00

Heap:
 def new generation   total 20480K, used 16084K [0x07400000, 0x08a30000, 0x0c950000)
  eden space 18240K,  79% used [0x07400000, 0x0823da58, 0x085d0000)
  from space 2240K,  67% used [0x08800000, 0x08977728, 0x08a30000)
  to   space 2240K,   0% used [0x085d0000, 0x085d0000, 0x08800000)
 tenured generation   total 45316K, used 30532K [0x0c950000, 0x0f591000, 0x17400000)
   the space 45316K,  67% used [0x0c950000, 0x0e7213e0, 0x0e721400, 0x0f591000)
 Metaspace       used 46959K, capacity 48570K, committed 48768K, reserved 49536K

Card table byte_map: [0x17400000,0x17490000] byte_map_base: 0x173c6000

Polling page: 0x05190000

CodeCache: size=32768Kb used=8214Kb max_used=8472Kb free=24553Kb
 bounds [0x053d0000, 0x05c48000, 0x073d0000]
 total_blobs=3471 nmethods=3247 adapters=161
 compilation: enabled

Compilation events (10 events):
Event: 1422.803 Thread 0x1793a000 11656   !         org.apache.tomcat.util.net.NioBlockingSelector$BlockPoller::run (404 bytes)
Event: 1422.808 Thread 0x1793a000 nmethod 11656 0x057d1448 code [0x057d17a0, 0x057d25e4]
Event: 1422.815 Thread 0x1793a000 11657             java.nio.HeapByteBuffer::get (15 bytes)
Event: 1422.816 Thread 0x1793a000 nmethod 11657 0x057d1148 code [0x057d1240, 0x057d1310]
Event: 1422.829 Thread 0x1793a000 11658             org.springframework.util.ConcurrentReferenceHashMap$Task::<init> (34 bytes)
Event: 1422.830 Thread 0x1793a000 nmethod 11658 0x0554ab08 code [0x0554ac20, 0x0554ad28]
Event: 1438.489 Thread 0x1793a000 11659             java.io.File::<init> (80 bytes)
Event: 1438.489 Thread 0x1793a000 nmethod 11659 0x05528448 code [0x05528550, 0x0552862c]
Event: 1521.999 Thread 0x1793a000 11660             java.io.WinNTFileSystem::hashCode (17 bytes)
Event: 1521.999 Thread 0x1793a000 nmethod 11660 0x057d0e48 code [0x057d0f60, 0x057d1028]

GC Heap History (10 events):
Event: 1421.587 GC heap before
{Heap before GC invocations=300 (full 19):
 def new generation   total 20480K, used 19715K [0x07400000, 0x08a30000, 0x0c950000)
  eden space 18240K,  99% used [0x07400000, 0x085c90d8, 0x085d0000)
  from space 2240K,  67% used [0x085d0000, 0x08747be8, 0x08800000)
  to   space 2240K,   0% used [0x08800000, 0x08800000, 0x08a30000)
 tenured generation   total 45316K, used 28357K [0x0c950000, 0x0f591000, 0x17400000)
   the space 45316K,  62% used [0x0c950000, 0x0e501630, 0x0e501800, 0x0f591000)
 Metaspace       used 46777K, capacity 48384K, committed 48640K, reserved 49536K
Event: 1421.593 GC heap after
Heap after GC invocations=301 (full 19):
 def new generation   total 20480K, used 852K [0x07400000, 0x08a30000, 0x0c950000)
  eden space 18240K,   0% used [0x07400000, 0x07400000, 0x085d0000)
  from space 2240K,  38% used [0x08800000, 0x088d5220, 0x08a30000)
  to   space 2240K,   0% used [0x085d0000, 0x085d0000, 0x08800000)
 tenured generation   total 45316K, used 28965K [0x0c950000, 0x0f591000, 0x17400000)
   the space 45316K,  63% used [0x0c950000, 0x0e599610, 0x0e599800, 0x0f591000)
 Metaspace       used 46777K, capacity 48384K, committed 48640K, reserved 49536K
}
Event: 1421.854 GC heap before
{Heap before GC invocations=301 (full 19):
 def new generation   total 20480K, used 19092K [0x07400000, 0x08a30000, 0x0c950000)
  eden space 18240K, 100% used [0x07400000, 0x085d0000, 0x085d0000)
  from space 2240K,  38% used [0x08800000, 0x088d5220, 0x08a30000)
  to   space 2240K,   0% used [0x085d0000, 0x085d0000, 0x08800000)
 tenured generation   total 45316K, used 28965K [0x0c950000, 0x0f591000, 0x17400000)
   the space 45316K,  63% used [0x0c950000, 0x0e599610, 0x0e599800, 0x0f591000)
 Metaspace       used 46791K, capacity 48402K, committed 48640K, reserved 49536K
Event: 1421.860 GC heap after
Heap after GC invocations=302 (full 19):
 def new generation   total 20480K, used 1848K [0x07400000, 0x08a30000, 0x0c950000)
  eden space 18240K,   0% used [0x07400000, 0x07400000, 0x085d0000)
  from space 2240K,  82% used [0x085d0000, 0x0879e378, 0x08800000)
  to   space 2240K,   0% used [0x08800000, 0x08800000, 0x08a30000)
 tenured generation   total 45316K, used 28965K [0x0c950000, 0x0f591000, 0x17400000)
   the space 45316K,  63% used [0x0c950000, 0x0e599610, 0x0e599800, 0x0f591000)
 Metaspace       used 46791K, capacity 48402K, committed 48640K, reserved 49536K
}
Event: 1422.151 GC heap before
{Heap before GC invocations=302 (full 19):
 def new generation   total 20480K, used 20088K [0x07400000, 0x08a30000, 0x0c950000)
  eden space 18240K, 100% used [0x07400000, 0x085d0000, 0x085d0000)
  from space 2240K,  82% used [0x085d0000, 0x0879e378, 0x08800000)
  to   space 2240K,   0% used [0x08800000, 0x08800000, 0x08a30000)
 tenured generation   total 45316K, used 28965K [0x0c950000, 0x0f591000, 0x17400000)
   the space 45316K,  63% used [0x0c950000, 0x0e599610, 0x0e599800, 0x0f591000)
 Metaspace       used 46825K, capacity 48444K, committed 48640K, reserved 49536K
Event: 1422.159 GC heap after
Heap after GC invocations=303 (full 19):
 def new generation   total 20480K, used 1324K [0x07400000, 0x08a30000, 0x0c950000)
  eden space 18240K,   0% used [0x07400000, 0x07400000, 0x085d0000)
  from space 2240K,  59% used [0x08800000, 0x0894b3e0, 0x08a30000)
  to   space 2240K,   0% used [0x085d0000, 0x085d0000, 0x08800000)
 tenured generation   total 45316K, used 29672K [0x0c950000, 0x0f591000, 0x17400000)
   the space 45316K,  65% used [0x0c950000, 0x0e64a368, 0x0e64a400, 0x0f591000)
 Metaspace       used 46825K, capacity 48444K, committed 48640K, reserved 49536K
}
Event: 1422.458 GC heap before
{Heap before GC invocations=303 (full 19):
 def new generation   total 20480K, used 19564K [0x07400000, 0x08a30000, 0x0c950000)
  eden space 18240K, 100% used [0x07400000, 0x085d0000, 0x085d0000)
  from space 2240K,  59% used [0x08800000, 0x0894b3e0, 0x08a30000)
  to   space 2240K,   0% used [0x085d0000, 0x085d0000, 0x08800000)
 tenured generation   total 45316K, used 29672K [0x0c950000, 0x0f591000, 0x17400000)
   the space 45316K,  65% used [0x0c950000, 0x0e64a368, 0x0e64a400, 0x0f591000)
 Metaspace       used 46907K, capacity 48515K, committed 48768K, reserved 49536K
Event: 1422.466 GC heap after
Heap after GC invocations=304 (full 19):
 def new generation   total 20480K, used 1574K [0x07400000, 0x08a30000, 0x0c950000)
  eden space 18240K,   0% used [0x07400000, 0x07400000, 0x085d0000)
  from space 2240K,  70% used [0x085d0000, 0x08759b70, 0x08800000)
  to   space 2240K,   0% used [0x08800000, 0x08800000, 0x08a30000)
 tenured generation   total 45316K, used 30032K [0x0c950000, 0x0f591000, 0x17400000)
   the space 45316K,  66% used [0x0c950000, 0x0e6a4270, 0x0e6a4400, 0x0f591000)
 Metaspace       used 46907K, capacity 48515K, committed 48768K, reserved 49536K
}
Event: 1426.661 GC heap before
{Heap before GC invocations=304 (full 19):
 def new generation   total 20480K, used 19814K [0x07400000, 0x08a30000, 0x0c950000)
  eden space 18240K, 100% used [0x07400000, 0x085d0000, 0x085d0000)
  from space 2240K,  70% used [0x085d0000, 0x08759b70, 0x08800000)
  to   space 2240K,   0% used [0x08800000, 0x08800000, 0x08a30000)
 tenured generation   total 45316K, used 30032K [0x0c950000, 0x0f591000, 0x17400000)
   the space 45316K,  66% used [0x0c950000, 0x0e6a4270, 0x0e6a4400, 0x0f591000)
 Metaspace       used 46919K, capacity 48538K, committed 48768K, reserved 49536K
Event: 1426.669 GC heap after
Heap after GC invocations=305 (full 19):
 def new generation   total 20480K, used 1501K [0x07400000, 0x08a30000, 0x0c950000)
  eden space 18240K,   0% used [0x07400000, 0x07400000, 0x085d0000)
  from space 2240K,  67% used [0x08800000, 0x08977728, 0x08a30000)
  to   space 2240K,   0% used [0x085d0000, 0x085d0000, 0x08800000)
 tenured generation   total 45316K, used 30532K [0x0c950000, 0x0f591000, 0x17400000)
   the space 45316K,  67% used [0x0c950000, 0x0e7213e0, 0x0e721400, 0x0f591000)
 Metaspace       used 46919K, capacity 48538K, committed 48768K, reserved 49536K
}

Deoptimization events (0 events):
No events

Classes redefined (10 events):
Event: 1418.734 Thread 0x178f2c00 redefined class name=com.creditsuisse.orderbook.app.service.impl.OrderBookServiceImpl, count=1
Event: 1418.748 Thread 0x178f2c00 redefined class name=com.creditsuisse.orderbook.app.service.impl.OrderBookServiceImpl, count=2
Event: 1418.763 Thread 0x178f2c00 redefined class name=com.creditsuisse.orderbook.app.service.impl.OrderBookServiceImpl, count=13
Event: 1418.776 Thread 0x178f2c00 redefined class name=com.creditsuisse.orderbook.app.service.impl.OrderBookServiceImpl, count=14
Event: 1418.791 Thread 0x178f2c00 redefined class name=com.creditsuisse.orderbook.app.service.impl.OrderBookServiceImpl, count=12
Event: 1542.109 Thread 0x178f2c00 redefined class name=com.creditsuisse.orderbook.app.service.impl.OrderBookServiceImpl, count=6
Event: 1542.129 Thread 0x178f2c00 redefined class name=com.creditsuisse.orderbook.app.service.impl.OrderBookServiceImpl, count=5
Event: 1542.149 Thread 0x178f2c00 redefined class name=com.creditsuisse.orderbook.app.service.impl.OrderBookServiceImpl, count=7
Event: 1542.170 Thread 0x178f2c00 redefined class name=com.creditsuisse.orderbook.app.service.impl.OrderBookServiceImpl, count=9
Event: 1542.191 Thread 0x178f2c00 redefined class name=com.creditsuisse.orderbook.app.service.impl.OrderBookServiceImpl, count=11

Internal exceptions (10 events):
Event: 1422.769 Thread 0x1b1da000 Exception <a 'java/lang/ArrayIndexOutOfBoundsException'> (0x0815d358) thrown at [C:\workspace\8-2-build-windows-i586-cygwin\jdk8u191\11896\hotspot\src\share\vm\runtime\sharedRuntime.cpp, line 605]
Event: 1422.769 Thread 0x1b1da000 Exception <a 'java/lang/ArrayIndexOutOfBoundsException'> (0x08160190) thrown at [C:\workspace\8-2-build-windows-i586-cygwin\jdk8u191\11896\hotspot\src\share\vm\runtime\sharedRuntime.cpp, line 605]
Event: 1422.773 Thread 0x1b1da000 Exception <a 'java/lang/ArrayIndexOutOfBoundsException'> (0x081af2c0) thrown at [C:\workspace\8-2-build-windows-i586-cygwin\jdk8u191\11896\hotspot\src\share\vm\runtime\sharedRuntime.cpp, line 605]
Event: 1422.777 Thread 0x1b1da000 Exception <a 'java/lang/ArrayIndexOutOfBoundsException'> (0x081f1418) thrown at [C:\workspace\8-2-build-windows-i586-cygwin\jdk8u191\11896\hotspot\src\share\vm\runtime\sharedRuntime.cpp, line 605]
Event: 1422.777 Thread 0x1b1da000 Exception <a 'java/lang/ArrayIndexOutOfBoundsException'> (0x081f32e0) thrown at [C:\workspace\8-2-build-windows-i586-cygwin\jdk8u191\11896\hotspot\src\share\vm\runtime\sharedRuntime.cpp, line 605]
Event: 1422.777 Thread 0x1b1da000 Exception <a 'java/lang/ArrayIndexOutOfBoundsException'> (0x081f6040) thrown at [C:\workspace\8-2-build-windows-i586-cygwin\jdk8u191\11896\hotspot\src\share\vm\runtime\sharedRuntime.cpp, line 605]
Event: 1422.778 Thread 0x1b1da000 Exception <a 'java/lang/ArrayIndexOutOfBoundsException'> (0x081fa848) thrown at [C:\workspace\8-2-build-windows-i586-cygwin\jdk8u191\11896\hotspot\src\share\vm\runtime\sharedRuntime.cpp, line 605]
Event: 1422.783 Thread 0x1b1da000 Exception <a 'java/lang/ArrayIndexOutOfBoundsException'> (0x0829c270) thrown at [C:\workspace\8-2-build-windows-i586-cygwin\jdk8u191\11896\hotspot\src\share\vm\runtime\sharedRuntime.cpp, line 605]
Event: 1422.783 Thread 0x1b1da000 Exception <a 'java/lang/ArrayIndexOutOfBoundsException'> (0x0829d888) thrown at [C:\workspace\8-2-build-windows-i586-cygwin\jdk8u191\11896\hotspot\src\share\vm\runtime\sharedRuntime.cpp, line 605]
Event: 1422.785 Thread 0x1b1da000 Exception <a 'java/lang/ArrayIndexOutOfBoundsException'> (0x082bcad8) thrown at [C:\workspace\8-2-build-windows-i586-cygwin\jdk8u191\11896\hotspot\src\share\vm\runtime\sharedRuntime.cpp, line 605]

Events (10 events):
Event: 1521.999 Thread 0x1793a000 flushing nmethod 0x0553fc48
Event: 1521.999 Thread 0x1793a000 flushing nmethod 0x05540008
Event: 1521.999 Thread 0x1793a000 flushing nmethod 0x055650c8
Event: 1521.999 Thread 0x1793a000 flushing nmethod 0x0556f448
Event: 1521.999 Thread 0x1793a000 flushing nmethod 0x055737c8
Event: 1521.999 Thread 0x1793a000 flushing nmethod 0x055781c8
Event: 1521.999 Thread 0x1793a000 flushing nmethod 0x05578488
Event: 1521.999 Thread 0x1793a000 flushing nmethod 0x055791c8
Event: 1522.000 Thread 0x1793a000 flushing nmethod 0x0557a308
Event: 1542.080 Executing VM operation: RedefineClasses


Dynamic libraries:
0x00fe0000 - 0x01013000 	C:\Program Files (x86)\Java\jre1.8.0_191\bin\javaw.exe
0x77a70000 - 0x77bfc000 	C:\WINDOWS\SYSTEM32\ntdll.dll
0x74610000 - 0x746e0000 	C:\WINDOWS\System32\KERNEL32.DLL
0x75160000 - 0x75338000 	C:\WINDOWS\System32\KERNELBASE.dll
0x74400000 - 0x7447f000 	C:\WINDOWS\System32\SYSFER.DLL
0x779f0000 - 0x77a68000 	C:\WINDOWS\System32\ADVAPI32.dll
0x74550000 - 0x7460d000 	C:\WINDOWS\System32\msvcrt.dll
0x75340000 - 0x75383000 	C:\WINDOWS\System32\sechost.dll
0x74da0000 - 0x74e5e000 	C:\WINDOWS\System32\RPCRT4.dll
0x74490000 - 0x744b0000 	C:\WINDOWS\System32\SspiCli.dll
0x74480000 - 0x7448a000 	C:\WINDOWS\System32\CRYPTBASE.dll
0x75520000 - 0x75577000 	C:\WINDOWS\System32\bcryptPrimitives.dll
0x6cfd0000 - 0x6d255000 	C:\ProgramData\Symantec\Symantec Endpoint Protection\14.0.3897.1101.105\Data\Definitions\IPSDefs\20181129.061\IPSEng32.dll
0x74b70000 - 0x74b76000 	C:\WINDOWS\System32\PSAPI.DLL
0x75dd0000 - 0x75f45000 	C:\WINDOWS\System32\USER32.dll
0x74870000 - 0x74886000 	C:\WINDOWS\System32\win32u.dll
0x74840000 - 0x74862000 	C:\WINDOWS\System32\GDI32.dll
0x746e0000 - 0x7483f000 	C:\WINDOWS\System32\gdi32full.dll
0x755a0000 - 0x7561c000 	C:\WINDOWS\System32\msvcp_win.dll
0x74f60000 - 0x75077000 	C:\WINDOWS\System32\ucrtbase.dll
0x71520000 - 0x71731000 	C:\WINDOWS\WinSxS\x86_microsoft.windows.common-controls_6595b64144ccf1df_6.0.16299.666_none_5d7a0f97a7dd416d\COMCTL32.dll
0x74890000 - 0x74ad6000 	C:\WINDOWS\System32\combase.dll
0x77770000 - 0x77795000 	C:\WINDOWS\System32\IMM32.DLL
0x68000000 - 0x68043000 	C:\WINDOWS\System32\QIPCAP.dll
0x763e0000 - 0x77714000 	C:\WINDOWS\System32\SHELL32.dll
0x753f0000 - 0x75428000 	C:\WINDOWS\System32\cfgmgr32.dll
0x75430000 - 0x754b8000 	C:\WINDOWS\System32\shcore.dll
0x75620000 - 0x75be4000 	C:\WINDOWS\System32\windows.storage.dll
0x753a0000 - 0x753e5000 	C:\WINDOWS\System32\shlwapi.dll
0x777a0000 - 0x777ae000 	C:\WINDOWS\System32\kernel.appcore.dll
0x77910000 - 0x77955000 	C:\WINDOWS\System32\powrprof.dll
0x75580000 - 0x75594000 	C:\WINDOWS\System32\profapi.dll
0x71480000 - 0x71514000 	C:\WINDOWS\SYSTEM32\DNSAPI.dll
0x75bf0000 - 0x75c56000 	C:\WINDOWS\System32\WS2_32.dll
0x777b0000 - 0x777b7000 	C:\WINDOWS\System32\NSI.dll
0x73750000 - 0x73780000 	C:\WINDOWS\SYSTEM32\IPHLPAPI.DLL
0x68850000 - 0x6890f000 	C:\Program Files (x86)\Java\jre1.8.0_191\bin\msvcr100.dll
0x71dc0000 - 0x72193000 	C:\Program Files (x86)\Java\jre1.8.0_191\bin\client\jvm.dll
0x73350000 - 0x73358000 	C:\WINDOWS\SYSTEM32\WSOCK32.dll
0x64df0000 - 0x64e14000 	C:\WINDOWS\SYSTEM32\WINMM.dll
0x73c50000 - 0x73c58000 	C:\WINDOWS\SYSTEM32\VERSION.dll
0x64b70000 - 0x64b93000 	C:\WINDOWS\SYSTEM32\WINMMBASE.dll
0x742b0000 - 0x742bc000 	C:\Program Files (x86)\Java\jre1.8.0_191\bin\verify.dll
0x74260000 - 0x74282000 	C:\Program Files (x86)\Java\jre1.8.0_191\bin\java.dll
0x68d30000 - 0x68d5b000 	C:\Program Files (x86)\Java\jre1.8.0_191\bin\jdwp.dll
0x71c40000 - 0x71c47000 	C:\Program Files (x86)\Java\jre1.8.0_191\bin\npt.dll
0x741b0000 - 0x741c4000 	C:\Program Files (x86)\Java\jre1.8.0_191\bin\zip.dll
0x6bd20000 - 0x6bd28000 	C:\Program Files (x86)\Java\jre1.8.0_191\bin\dt_socket.dll
0x073d0000 - 0x073e1000 	C:\WINDOWS\system32\napinsp.dll
0x17eb0000 - 0x17ec6000 	C:\WINDOWS\system32\pnrpnsp.dll
0x17ed0000 - 0x17ee3000 	C:\WINDOWS\system32\NLAapi.dll
0x73c60000 - 0x73cb5000 	C:\WINDOWS\System32\mswsock.dll
0x5bb00000 - 0x5bb0c000 	C:\WINDOWS\System32\winrnr.dll
0x073f0000 - 0x07400000 	C:\WINDOWS\System32\wshbth.dll
0x72640000 - 0x7268e000 	C:\WINDOWS\System32\fwpuclnt.dll
0x732b0000 - 0x732c9000 	C:\WINDOWS\SYSTEM32\bcrypt.dll
0x697f0000 - 0x697f8000 	C:\Windows\System32\rasadhlp.dll
0x6a9f0000 - 0x6a9fa000 	C:\Program Files (x86)\Java\jre1.8.0_191\bin\management.dll
0x74190000 - 0x741a5000 	C:\Program Files (x86)\Java\jre1.8.0_191\bin\net.dll
0x742a0000 - 0x742af000 	C:\Program Files (x86)\Java\jre1.8.0_191\bin\nio.dll
0x72f70000 - 0x72f83000 	C:\WINDOWS\SYSTEM32\CRYPTSP.dll
0x72f40000 - 0x72f6f000 	C:\WINDOWS\system32\rsaenh.dll
0x725a0000 - 0x725c2000 	C:\WINDOWS\SYSTEM32\USERENV.dll
0x72570000 - 0x72583000 	C:\WINDOWS\SYSTEM32\dhcpcsvc6.DLL
0x72550000 - 0x72564000 	C:\WINDOWS\SYSTEM32\dhcpcsvc.DLL
0x68f70000 - 0x690f1000 	C:\WINDOWS\SYSTEM32\dbghelp.dll

VM Arguments:
jvm_args: -agentlib:jdwp=transport=dt_socket,suspend=y,address=localhost:51681 -Dcom.sun.management.jmxremote -Dcom.sun.management.jmxremote.port=51680 -Dcom.sun.management.jmxremote.authenticate=false -Dcom.sun.management.jmxremote.ssl=false -Dspring.liveBeansView.mbeanDomain -Dspring.application.admin.enabled=true -Dfile.encoding=UTF-8 
java_command: com.creditsuisse.orderbook.app.config.BookOrderApp --spring.output.ansi.enabled=always
java_class_path (initial): C:\Tarun\Simulator\order-book\target\classes;C:\Tarun\m2\repository\org\springframework\boot\spring-boot-starter-web\2.0.4.RELEASE\spring-boot-starter-web-2.0.4.RELEASE.jar;C:\Tarun\m2\repository\org\springframework\boot\spring-boot-starter\2.0.4.RELEASE\spring-boot-starter-2.0.4.RELEASE.jar;C:\Tarun\m2\repository\javax\annotation\javax.annotation-api\1.3.2\javax.annotation-api-1.3.2.jar;C:\Tarun\m2\repository\org\yaml\snakeyaml\1.19\snakeyaml-1.19.jar;C:\Tarun\m2\repository\org\springframework\boot\spring-boot-starter-json\2.0.4.RELEASE\spring-boot-starter-json-2.0.4.RELEASE.jar;C:\Tarun\m2\repository\com\fasterxml\jackson\core\jackson-databind\2.9.6\jackson-databind-2.9.6.jar;C:\Tarun\m2\repository\com\fasterxml\jackson\core\jackson-annotations\2.9.0\jackson-annotations-2.9.0.jar;C:\Tarun\m2\repository\com\fasterxml\jackson\core\jackson-core\2.9.6\jackson-core-2.9.6.jar;C:\Tarun\m2\repository\com\fasterxml\jackson\datatype\jackson-datatype-jdk8\2.9.6\jackson-datatype-jdk8-2.9.6.jar;C:\Tarun\m2\repository\com\fasterxml\jackson\datatype\jackson-datatype-jsr310\2.9.6\jackson-datatype-jsr310-2.9.6.jar;C:\Tarun\m2\repository\com\fasterxml\jackson\module\jackson-module-parameter-names\2.9.6\jackson-module-parameter-names-2.9.6.jar;C:\Tarun\m2\repository\org\springframework\boot\spring-boot-starter-tomcat\2.0.4.RELEASE\spring-boot-starter-tomcat-2.0.4.RELEASE.jar;C:\Tarun\m2\repository\org\apache\tomcat\embed\tomcat-embed-websocket\8.5.32\tomcat-embed-websocket-8.5.32.jar;C:\Tarun\m2\repository\org\hibernate\validator\hibernate-validator\6.0.11.Final\hibernate-validator-6.0.11.Final.jar;C:\Tarun\m2\repository\javax\validation\validation-api\2.0.1.Final\validation-api-2.0.1.Final.jar;C:\Tarun\m2\repository\org\jboss\logging\jboss-logging\3.3.2.Final\jboss-logging-3.3.2.Final.jar;C:\Tarun\m2\repository\com\fasterxml\classmate\1.3.4\classmate-1.3.4.jar;C:\Tarun\m2\repository\org\springframework\spring-web\5.0.8.RELEASE\spring-web-5.0.8.RELEASE.j
Launcher Type: SUN_STANDARD

Environment Variables:
JAVA_HOME=C:\Program Files\Java\jdk1.8.0_191
PATH=C:/Program Files (x86)/Java/jre1.8.0_191/bin/client;C:/Program Files (x86)/Java/jre1.8.0_191/bin;C:/Program Files (x86)/Java/jre1.8.0_191/lib/i386;C:\Program Files (x86)\Common Files\Oracle\Java\javapath;C:\Program Files (x86)\RSA SecurID Token Common;C:\WINDOWS\system32;C:\WINDOWS;C:\WINDOWS\System32\Wbem;C:\WINDOWS\System32\WindowsPowerShell\v1.0\;C:\Program Files (x86)\Common Files\Oracle\Java\javapath;C:\Program Files (x86)\RSA SecurID Token Common;C:\WINDOWS\system32;C:\WINDOWS;C:\WINDOWS\System32\Wbem;C:\WINDOWS\System32\WindowsPowerShell\v1.0\;C:\Program Files\Java\jdk1.8.0_191\bin;C:\Tarun\apache-maven-3.5.4\bin;C:\cygwin64\bin;;C:\Tarun\sts-bundle\sts-3.7.3.RELEASE;
USERNAME=tarunro
OS=Windows_NT
PROCESSOR_IDENTIFIER=Intel64 Family 6 Model 142 Stepping 10, GenuineIntel



---------------  S Y S T E M  ---------------

OS: Windows 10.0 , 64 bit Build 16299 (10.0.16299.431)

CPU:total 8 (initial active 8) (4 cores per cpu, 2 threads per core) family 6 model 142 stepping 10, cmov, cx8, fxsr, mmx, sse, sse2, sse3, ssse3, sse4.1, sse4.2, popcnt, avx, avx2, aes, clmul, erms, rtm, 3dnowpref, lzcnt, ht, tsc, tscinvbit, bmi1, bmi2, adx

Memory: 4k page, physical 8232136k(2522256k free), swap 14523592k(5841808k free)

vm_info: Java HotSpot(TM) Client VM (25.191-b12) for windows-x86 JRE (1.8.0_191-b12), built on Oct  6 2018 08:34:23 by "java_re" with MS VC++ 10.0 (VS2010)

time: Sat Dec 01 00:31:43 2018
elapsed time: 1542 seconds (0d 0h 25m 42s)

